0 info it worked if it ends with ok
1 verbose cli [ '/usr/bin/nodejs', '/usr/bin/npm', 'start' ]
2 info using npm@3.8.6
3 info using node@v4.3.2
4 verbose run-script [ 'prestart', 'start', 'poststart' ]
5 info lifecycle apila@0.0.1~prestart: apila@0.0.1
6 silly lifecycle apila@0.0.1~prestart: no script for prestart, continuing
7 info lifecycle apila@0.0.1~start: apila@0.0.1
8 verbose lifecycle apila@0.0.1~start: unsafe-perm in lifecycle true
9 verbose lifecycle apila@0.0.1~start: PATH: /usr/lib/node_modules/npm/bin/node-gyp-bin:/home/nenad/Desktop/web/nodejs/source1/node_modules/.bin:/usr/bin:/usr/local/heroku/bin:/home/nenad/.rvm/gems/ruby-2.2.3/bin:/home/nenad/.rvm/gems/ruby-2.2.3@global/bin:/home/nenad/.rvm/rubies/ruby-2.2.3/bin:/usr/local/sbin:/usr/local/bin:/usr/sbin:/usr/bin:/sbin:/bin:/usr/games:/usr/local/games:/usr/lib/jvm/java-8-oracle/bin:/usr/lib/jvm/java-8-oracle/db/bin:/usr/lib/jvm/java-8-oracle/jre/bin:/home/nenad/.rvm/bin:/home/nenad/.rvm/bin
10 verbose lifecycle apila@0.0.1~start: CWD: /home/nenad/Desktop/web/nodejs/source1
11 silly lifecycle apila@0.0.1~start: Args: [ '-c', 'node ./bin/www' ]
12 silly lifecycle apila@0.0.1~start: Returned: code: 1  signal: null
13 info lifecycle apila@0.0.1~start: Failed to exec start script
14 verbose stack Error: apila@0.0.1 start: `node ./bin/www`
14 verbose stack Exit status 1
14 verbose stack     at EventEmitter.<anonymous> (/usr/lib/node_modules/npm/lib/utils/lifecycle.js:239:16)
14 verbose stack     at emitTwo (events.js:87:13)
14 verbose stack     at EventEmitter.emit (events.js:172:7)
14 verbose stack     at ChildProcess.<anonymous> (/usr/lib/node_modules/npm/lib/utils/spawn.js:24:14)
14 verbose stack     at emitTwo (events.js:87:13)
14 verbose stack     at ChildProcess.emit (events.js:172:7)
14 verbose stack     at maybeClose (internal/child_process.js:821:16)
14 verbose stack     at Process.ChildProcess._handle.onexit (internal/child_process.js:211:5)
15 verbose pkgid apila@0.0.1
16 verbose cwd /home/nenad/Desktop/web/nodejs/source1
17 error Linux 4.2.0-27-generic
18 error argv "/usr/bin/nodejs" "/usr/bin/npm" "start"
19 error node v4.3.2
20 error npm  v3.8.6
21 error code ELIFECYCLE
22 error apila@0.0.1 start: `node ./bin/www`
22 error Exit status 1
23 error Failed at the apila@0.0.1 start script 'node ./bin/www'.
23 error Make sure you have the latest version of node.js and npm installed.
23 error If you do, this is most likely a problem with the apila package,
23 error not with npm itself.
23 error Tell the author that this fails on your system:
23 error     node ./bin/www
23 error You can get information on how to open an issue for this project with:
23 error     npm bugs apila
23 error Or if that isn't available, you can get their info via:
23 error     npm owner ls apila
23 error There is likely additional logging output above.
24 verbose exit [ 1, true ]
