0 info it worked if it ends with ok
1 verbose cli [ '/usr/local/bin/node',
1 verbose cli   '/usr/local/bin/npm',
1 verbose cli   'install',
1 verbose cli   '-g',
1 verbose cli   'nodemon' ]
2 info using npm@2.14.12
3 info using node@v4.3.1
4 verbose install initial load of /usr/local/lib/package.json
5 verbose readDependencies loading dependencies from /usr/local/lib/package.json
6 silly cache add args [ 'nodemon', null ]
7 verbose cache add spec nodemon
8 silly cache add parsed spec Result {
8 silly cache add   raw: 'nodemon',
8 silly cache add   scope: null,
8 silly cache add   name: 'nodemon',
8 silly cache add   rawSpec: '',
8 silly cache add   spec: 'latest',
8 silly cache add   type: 'tag' }
9 silly addNamed nodemon@latest
10 verbose addNamed "latest" is being treated as a dist-tag for nodemon
11 info addNameTag [ 'nodemon', 'latest' ]
12 silly mapToRegistry name nodemon
13 silly mapToRegistry using default registry
14 silly mapToRegistry registry https://registry.npmjs.org/
15 silly mapToRegistry uri https://registry.npmjs.org/nodemon
16 verbose addNameTag registry:https://registry.npmjs.org/nodemon not in flight; fetching
17 verbose request uri https://registry.npmjs.org/nodemon
18 verbose request no auth needed
19 info attempt registry request try #1 at 5:28:36 PM
20 verbose request id c2da26f14832f39f
21 verbose etag "5GE22XC7QQWJT9HYDX5UINKMY"
22 http request GET https://registry.npmjs.org/nodemon
23 http 304 https://registry.npmjs.org/nodemon
24 verbose headers { date: 'Fri, 29 Apr 2016 23:28:36 GMT',
24 verbose headers   via: '1.1 varnish',
24 verbose headers   'cache-control': 'max-age=300',
24 verbose headers   etag: '"5GE22XC7QQWJT9HYDX5UINKMY"',
24 verbose headers   age: '99',
24 verbose headers   connection: 'keep-alive',
24 verbose headers   'x-served-by': 'cache-ord1723-ORD',
24 verbose headers   'x-cache': 'HIT',
24 verbose headers   'x-cache-hits': '1',
24 verbose headers   'x-timer': 'S1461972516.720604,VS0,VE0',
24 verbose headers   vary: 'Accept-Encoding' }
25 silly get cb [ 304,
25 silly get   { date: 'Fri, 29 Apr 2016 23:28:36 GMT',
25 silly get     via: '1.1 varnish',
25 silly get     'cache-control': 'max-age=300',
25 silly get     etag: '"5GE22XC7QQWJT9HYDX5UINKMY"',
25 silly get     age: '99',
25 silly get     connection: 'keep-alive',
25 silly get     'x-served-by': 'cache-ord1723-ORD',
25 silly get     'x-cache': 'HIT',
25 silly get     'x-cache-hits': '1',
25 silly get     'x-timer': 'S1461972516.720604,VS0,VE0',
25 silly get     vary: 'Accept-Encoding' } ]
26 verbose etag https://registry.npmjs.org/nodemon from cache
27 verbose get saving nodemon to /Users/KyleRiggen/.npm/registry.npmjs.org/nodemon/.cache.json
28 silly addNameTag next cb for nodemon with tag latest
29 silly addNamed nodemon@1.9.2
30 verbose addNamed "1.9.2" is a plain semver version for nodemon
31 silly cache afterAdd nodemon@1.9.2
32 verbose afterAdd /Users/KyleRiggen/.npm/nodemon/1.9.2/package/package.json not in flight; writing
33 verbose afterAdd /Users/KyleRiggen/.npm/nodemon/1.9.2/package/package.json written
34 silly install resolved [ { name: 'nodemon',
34 silly install resolved     homepage: 'http://nodemon.io',
34 silly install resolved     author: { name: 'Remy Sharp', url: 'http://github.com/remy' },
34 silly install resolved     bin: { nodemon: './bin/nodemon.js' },
34 silly install resolved     engines: { node: '>=0.8' },
34 silly install resolved     repository: { type: 'git', url: 'git+https://github.com/remy/nodemon.git' },
34 silly install resolved     description: 'Simple monitor script for use during development of a node.js app.',
34 silly install resolved     keywords:
34 silly install resolved      [ 'monitor',
34 silly install resolved        'development',
34 silly install resolved        'restart',
34 silly install resolved        'autoload',
34 silly install resolved        'reload',
34 silly install resolved        'terminal' ],
34 silly install resolved     license: 'MIT',
34 silly install resolved     main: './lib/nodemon',
34 silly install resolved     scripts:
34 silly install resolved      { coverage: 'istanbul cover _mocha -- --timeout 30000 --ui bdd --reporter list test/**/*.test.js',
34 silly install resolved        lint: 'jscs lib/**/*.js -v',
34 silly install resolved        ':spec': 'mocha --timeout 30000 --ui bdd test/**/*.test.js',
34 silly install resolved        test: 'npm run lint && npm run spec',
34 silly install resolved        spec: 'for FILE in test/**/*.test.js; do echo $FILE; ./node_modules/.bin/mocha --timeout 30000 $FILE; if [ $? -ne 0 ]; then exit 1; fi; sleep 1; done',
34 silly install resolved        web: 'node web',
34 silly install resolved        'semantic-release': 'semantic-release pre && npm publish && semantic-release post' },
34 silly install resolved     devDependencies:
34 silly install resolved      { async: '1.4.2',
34 silly install resolved        'coffee-script': '~1.7.1',
34 silly install resolved        connect: '~2.19.1',
34 silly install resolved        istanbul: '~0.2.10',
34 silly install resolved        jscs: '2.1.1',
34 silly install resolved        mocha: '2.3.3',
34 silly install resolved        should: '~4.0.0',
34 silly install resolved        'semantic-release': '4.3.5' },
34 silly install resolved     dependencies:
34 silly install resolved      { chokidar: '^1.4.3',
34 silly install resolved        debug: '^2.2.0',
34 silly install resolved        'es6-promise': '^3.0.2',
34 silly install resolved        'ignore-by-default': '^1.0.0',
34 silly install resolved        'lodash.defaults': '^3.1.2',
34 silly install resolved        minimatch: '^3.0.0',
34 silly install resolved        'ps-tree': '^1.0.1',
34 silly install resolved        touch: '1.0.0',
34 silly install resolved        undefsafe: '0.0.3',
34 silly install resolved        'update-notifier': '0.5.0' },
34 silly install resolved     version: '1.9.2',
34 silly install resolved     gitHead: 'ceadfb8e919603b67a39f8528bb6914f8b92f1d7',
34 silly install resolved     bugs: { url: 'https://github.com/remy/nodemon/issues' },
34 silly install resolved     _id: 'nodemon@1.9.2',
34 silly install resolved     _shasum: '21b3cd157d5483833b473372c98e1795a4d55970',
34 silly install resolved     _from: 'nodemon@latest',
34 silly install resolved     _npmVersion: '2.15.4',
34 silly install resolved     _nodeVersion: '6.0.0',
34 silly install resolved     _npmUser: { name: 'remy', email: 'remy@leftlogic.com' },
34 silly install resolved     dist:
34 silly install resolved      { shasum: '21b3cd157d5483833b473372c98e1795a4d55970',
34 silly install resolved        tarball: 'https://registry.npmjs.org/nodemon/-/nodemon-1.9.2.tgz' },
34 silly install resolved     maintainers: [ [Object] ],
34 silly install resolved     _npmOperationalInternal:
34 silly install resolved      { host: 'packages-16-east.internal.npmjs.com',
34 silly install resolved        tmp: 'tmp/nodemon-1.9.2.tgz_1461962060119_0.3160424646921456' },
34 silly install resolved     directories: {},
34 silly install resolved     _resolved: 'https://registry.npmjs.org/nodemon/-/nodemon-1.9.2.tgz',
34 silly install resolved     readme: 'ERROR: No README data found!' } ]
35 info install nodemon@1.9.2 into /usr/local/lib
36 info installOne nodemon@1.9.2
37 verbose installOne of nodemon to /usr/local/lib not in flight; installing
38 verbose lock using /Users/KyleRiggen/.npm/_locks/nodemon-49f7ed19e778991e.lock for /usr/local/lib/node_modules/nodemon
39 silly install write writing nodemon 1.9.2 to /usr/local/lib/node_modules/nodemon
40 verbose unbuild lib/node_modules/nodemon
41 info preuninstall nodemon@1.9.1
42 info uninstall nodemon@1.9.1
43 verbose unbuild rmStuff nodemon@1.9.1 from /usr/local/lib/node_modules
44 silly gentlyRm /usr/local/bin/nodemon is being gently removed
45 silly gentlyRm verifying /usr/local is an npm working directory
46 silly gentlyRm containing path /usr/local is under npm's control, in /usr/local
47 silly gentlyRm deletion target /usr/local/bin/nodemon is under /usr/local
48 verbose gentlyRm vacuuming from /usr/local/bin/nodemon up to /usr/local
49 silly vacuum-fs removing /usr/local/bin/nodemon
50 silly vacuum-fs quitting because other entries in /usr/local/bin
51 info postuninstall nodemon@1.9.1
52 silly gentlyRm /usr/local/lib/node_modules/nodemon is being purged from base /usr/local
53 verbose gentlyRm don't care about contents; nuking /usr/local/lib/node_modules/nodemon
54 silly vacuum-fs purging /usr/local/lib/node_modules/nodemon
55 verbose unlock done using /Users/KyleRiggen/.npm/_locks/nodemon-49f7ed19e778991e.lock for /usr/local/lib/node_modules/nodemon
56 verbose stack Error: EACCES: permission denied, rmdir '/usr/local/lib/node_modules/nodemon'
56 verbose stack     at Error (native)
57 verbose cwd /Users/KyleRiggen/Documents/apila/source1/api
58 error Darwin 15.3.0
59 error argv "/usr/local/bin/node" "/usr/local/bin/npm" "install" "-g" "nodemon"
60 error node v4.3.1
61 error npm  v2.14.12
62 error path /usr/local/lib/node_modules/nodemon
63 error code EACCES
64 error errno -13
65 error syscall rmdir
66 error Error: EACCES: permission denied, rmdir '/usr/local/lib/node_modules/nodemon'
66 error     at Error (native)
66 error  { [Error: EACCES: permission denied, rmdir '/usr/local/lib/node_modules/nodemon']
66 error   errno: -13,
66 error   code: 'EACCES',
66 error   syscall: 'rmdir',
66 error   path: '/usr/local/lib/node_modules/nodemon' }
67 error Please try running this command again as root/Administrator.
68 verbose exit [ -13, true ]
69 verbose unbuild lib/node_modules/nodemon
70 info preuninstall nodemon@1.9.1
71 info uninstall nodemon@1.9.1
72 verbose unbuild rmStuff nodemon@1.9.1 from /usr/local/lib/node_modules
73 silly gentlyRm /usr/local/bin/nodemon is being gently removed
74 silly gentlyRm verifying /usr/local is an npm working directory
75 silly gentlyRm containing path /usr/local is under npm's control, in /usr/local
76 silly gentlyRm deletion target /usr/local/bin/nodemon is under /usr/local
77 verbose gentlyRm vacuuming from /usr/local/bin/nodemon up to /usr/local
78 info postuninstall nodemon@1.9.1
79 silly gentlyRm /usr/local/lib/node_modules/nodemon is being purged from base /usr/local
80 verbose gentlyRm don't care about contents; nuking /usr/local/lib/node_modules/nodemon
81 silly vacuum-fs purging /usr/local/lib/node_modules/nodemon
82 error error rolling back Error: EACCES: permission denied, rmdir '/usr/local/lib/node_modules/nodemon'
82 error error rolling back     at Error (native)
82 error error rolling back  { [Error: EACCES: permission denied, rmdir '/usr/local/lib/node_modules/nodemon']
82 error error rolling back   errno: -13,
82 error error rolling back   code: 'EACCES',
82 error error rolling back   syscall: 'rmdir',
82 error error rolling back   path: '/usr/local/lib/node_modules/nodemon' }
